<?xml version="1.0" encoding="UTF-8"?>
<testng-results ignored="0" total="1" passed="1" failed="0" skipped="0">
  <reporter-output>
  </reporter-output>
  <suite started-at="2023-08-01T19:08:10Z" name="Default suite" finished-at="2023-08-01T19:08:33Z" duration-ms="23524">
    <groups>
    </groups>
    <test started-at="2023-08-01T19:08:10Z" name="Default test" finished-at="2023-08-01T19:08:33Z" duration-ms="23524">
      <class name="execuationPack.ExecuationClass">
        <test-method signature="sampleTest()[pri:0, instance:execuationPack.ExecuationClass@14bee915]" started-at="2023-08-01T19:08:10Z" name="sampleTest" finished-at="2023-08-01T19:08:33Z" duration-ms="23500" status="PASS">
          <reporter-output>
          </reporter-output>
        </test-method> <!-- sampleTest -->
      </class> <!-- execuationPack.ExecuationClass -->
    </test> <!-- Default test -->
  </suite> <!-- Default suite -->
</testng-results>
